
/home/runner/work/exp-oedometer-test-nitk/exp-oedometer-test-nitk/experiment/simulation/js/consol.js
   31:3    warning  Mixed spaces and tabs                         no-mixed-spaces-and-tabs
   32:3    warning  Mixed spaces and tabs                         no-mixed-spaces-and-tabs
   35:3    warning  Mixed spaces and tabs                         no-mixed-spaces-and-tabs
   36:3    warning  Mixed spaces and tabs                         no-mixed-spaces-and-tabs
   40:2    warning  '$' is not defined                            no-undef
   44:2    warning  'el' is not defined                           no-undef
   45:2    warning  'el' is not defined                           no-undef
   46:2    warning  'el' is not defined                           no-undef
   47:2    warning  'answer' is not defined                       no-undef
   47:21   warning  'el' is not defined                           no-undef
   49:6    warning  'j' is not defined                            no-undef
   49:10   warning  'j' is not defined                            no-undef
   49:32   warning  'j' is not defined                            no-undef
   51:3    warning  'opt' is not defined                          no-undef
   51:22   warning  'j' is not defined                            no-undef
   53:3    warning  'el' is not defined                           no-undef
   54:3    warning  'el' is not defined                           no-undef
   54:20   warning  'opt' is not defined                          no-undef
   55:3    warning  'el' is not defined                           no-undef
   55:14   warning  'opt' is not defined                          no-undef
   56:3    warning  'answer' is not defined                       no-undef
   56:22   warning  'el' is not defined                           no-undef
   57:3    warning  '$' is not defined                            no-undef
   59:4    warning  'ca' is not defined                           no-undef
   59:7    warning  '$' is not defined                            no-undef
   60:26   warning  'ca' is not defined                           no-undef
   80:9    warning  'table' is assigned a value but never used    no-unused-vars
   83:3    warning  '$' is not defined                            no-undef
   86:4    warning  '$' is not defined                            no-undef
   94:10   warning  'navNext' is defined but never used           no-unused-vars
   96:6    warning  'temp' is not defined                         no-undef
   96:13   warning  'temp' is not defined                         no-undef
   96:21   warning  'temp' is not defined                         no-undef
   98:36   warning  'temp' is not defined                         no-undef
  100:2    warning  'simsubscreennum' is not defined              no-undef
  101:35   warning  'simsubscreennum' is not defined              no-undef
  116:20   warning  'myInt' is not defined                        no-undef
  122:2    warning  'myInt' is not defined                        no-undef
  136:5    warning  'simsubscreennum' is not defined              no-undef
  138:5    warning  'simsubscreennum' is not defined              no-undef
  173:20   warning  'stop' is assigned a value but never used     no-unused-vars
  173:100  warning  'looper1' is assigned a value but never used  no-unused-vars
  173:109  warning  'looper2' is assigned a value but never used  no-unused-vars
  243:10   warning  'i' is not defined                            no-undef
  243:14   warning  'i' is not defined                            no-undef
  243:19   warning  'i' is not defined                            no-undef
  245:37   warning  'i' is not defined                            no-undef
  307:5    warning  'simsubscreennum' is not defined              no-undef
  360:10   warning  'simsubscreennum' is not defined              no-undef
  400:10   warning  'simsubscreennum' is not defined              no-undef
  416:10   warning  'simsubscreennum' is not defined              no-undef
  511:10   warning  'simsubscreennum' is not defined              no-undef
  516:10   warning  'simsubscreennum' is not defined              no-undef
  549:10   warning  'simsubscreennum' is not defined              no-undef
  573:10   warning  'simsubscreennum' is not defined              no-undef
  596:10   warning  'simsubscreennum' is not defined              no-undef
  608:10   warning  'simsubscreennum' is not defined              no-undef
  629:10   warning  'simsubscreennum' is not defined              no-undef
  645:10   warning  'simsubscreennum' is not defined              no-undef
  685:10   warning  'simsubscreennum' is not defined              no-undef
  701:10   warning  'simsubscreennum' is not defined              no-undef
  704:3    warning  'displayLogTMethodGraph' is not defined       no-undef
  710:2    warning  Mixed spaces and tabs                         no-mixed-spaces-and-tabs
  712:3    warning  Mixed spaces and tabs                         no-mixed-spaces-and-tabs
  724:3    warning  Mixed spaces and tabs                         no-mixed-spaces-and-tabs
  976:10   warning  'simsubscreennum' is not defined              no-undef
  981:10   warning  'simsubscreennum' is not defined              no-undef
  984:3    warning  'displayRootTMethodGraph' is not defined      no-undef
  989:10   warning  'simsubscreennum' is not defined              no-undef

/home/runner/work/exp-oedometer-test-nitk/exp-oedometer-test-nitk/experiment/simulation/js/jquerymin.js
  2:71     warning  'module' is not defined                                                    no-undef
  2:86     warning  'module' is not defined                                                    no-undef
  2:863    warning  'b' is assigned a value but never used                                     no-unused-vars
  2:3050   warning  'r' is assigned a value but never used                                     no-unused-vars
  2:5376   warning  Unexpected control character(s) in regular expression: \x1f, \x1f          no-control-regex
  2:5847   warning  Expected a conditional expression and instead saw an assignment            no-cond-assign
  2:6101   warning  Expected a conditional expression and instead saw an assignment            no-cond-assign
  2:6532   warning  Expected a conditional expression and instead saw an assignment            no-cond-assign
  2:6758   warning  Empty block statement                                                      no-empty
  2:7320   warning  Expected a conditional expression and instead saw an assignment            no-cond-assign
  2:9378   warning  Expected a conditional expression and instead saw an assignment            no-cond-assign
  2:9688   warning  Expected a conditional expression and instead saw an assignment            no-cond-assign
  2:11489  warning  Expected a conditional expression and instead saw an assignment            no-cond-assign
  2:12064  warning  Expected a conditional expression and instead saw an assignment            no-cond-assign
  2:12102  warning  Expected a conditional expression and instead saw an assignment            no-cond-assign
  2:12520  warning  Empty block statement                                                      no-empty
  2:13134  warning  Expected a conditional expression and instead saw an assignment            no-cond-assign
  2:13446  warning  Expected a conditional expression and instead saw an assignment            no-cond-assign
  2:15271  warning  Expected a conditional expression and instead saw an assignment            no-cond-assign
  2:15542  warning  Expected a conditional expression and instead saw an assignment            no-cond-assign
  2:15740  warning  Expected a conditional expression and instead saw an assignment            no-cond-assign
  2:16114  warning  Do not access Object.prototype method 'hasOwnProperty' from target object  no-prototype-builtins
  2:16815  warning  Expected a conditional expression and instead saw an assignment            no-cond-assign
  2:19155  warning  Expected a conditional expression and instead saw an assignment            no-cond-assign
  2:19255  warning  Expected a conditional expression and instead saw an assignment            no-cond-assign
  2:19315  warning  Expected a conditional expression and instead saw an assignment            no-cond-assign
  2:20674  warning  Expected a conditional expression and instead saw an assignment            no-cond-assign
  2:21288  warning  Expected a conditional expression and instead saw an assignment            no-cond-assign
  2:21399  warning  Expected a conditional expression and instead saw an assignment            no-cond-assign
  2:23719  warning  Unnecessary escape character: \/                                           no-useless-escape
  2:33344  warning  Empty block statement                                                      no-empty
  2:37050  warning  Unnecessary escape character: \/                                           no-useless-escape
  2:38265  warning  Expected a conditional expression and instead saw an assignment            no-cond-assign
  2:38405  warning  Expected a conditional expression and instead saw an assignment            no-cond-assign
  2:39039  warning  Empty block statement                                                      no-empty
  2:45778  warning  Unnecessary escape character: \/                                           no-useless-escape
  2:48087  warning  Expected a conditional expression and instead saw an assignment            no-cond-assign
  2:49647  warning  Empty block statement                                                      no-empty
  2:57298  warning  Expected a conditional expression and instead saw an assignment            no-cond-assign
  2:59847  warning  Expected a conditional expression and instead saw an assignment            no-cond-assign
  2:64132  warning  Expected a conditional expression and instead saw an assignment            no-cond-assign
  2:65877  warning  Expected a conditional expression and instead saw an assignment            no-cond-assign
  2:65943  warning  Expected a conditional expression and instead saw an assignment            no-cond-assign
  2:66247  warning  Expected a conditional expression and instead saw an assignment            no-cond-assign
  2:66313  warning  Expected a conditional expression and instead saw an assignment            no-cond-assign
  2:66720  warning  Expected a conditional expression and instead saw an assignment            no-cond-assign
  2:66997  warning  Expected a conditional expression and instead saw an assignment            no-cond-assign
  2:72432  warning  Expected a conditional expression and instead saw an assignment            no-cond-assign
  2:74924  warning  Expected a conditional expression and instead saw an assignment            no-cond-assign
  2:75645  warning  'l.href' is assigned to itself                                             no-self-assign
  2:79204  warning  Empty block statement                                                      no-empty
  2:83243  warning  Expected a conditional expression and instead saw an assignment            no-cond-assign
  2:83243  warning  'l' is assigned a value but never used                                     no-unused-vars
  2:86651  warning  'define' is not defined                                                    no-undef
  2:86663  warning  'define' is not defined                                                    no-undef

/home/runner/work/exp-oedometer-test-nitk/exp-oedometer-test-nitk/experiment/simulation/js/logTMethodGraph.js
   18:7   warning  'displayLogTMethodGraph' is assigned a value but never used  no-unused-vars
   21:20  warning  'CanvasJS' is not defined                                    no-undef
  142:27  warning  'step' is defined but never used                             no-unused-vars

/home/runner/work/exp-oedometer-test-nitk/exp-oedometer-test-nitk/experiment/simulation/js/rootTMethodGraph.js
   18:7   warning  'displayRootTMethodGraph' is assigned a value but never used  no-unused-vars
   20:20  warning  'CanvasJS' is not defined                                     no-undef
   73:7   warning  Mixed spaces and tabs                                         no-mixed-spaces-and-tabs
   74:7   warning  Mixed spaces and tabs                                         no-mixed-spaces-and-tabs
   83:22  warning  'graphDataset' is not defined                                 no-undef
   83:45  warning  'graphDataset' is not defined                                 no-undef
   94:23  warning  'graphDataset' is not defined                                 no-undef
   94:46  warning  'graphDataset' is not defined                                 no-undef
  104:17  warning  'graphDataset' is not defined                                 no-undef
  106:24  warning  'graphDataset' is not defined                                 no-undef
  106:47  warning  'graphDataset' is not defined                                 no-undef

✖ 138 problems (0 errors, 138 warnings)

